This is pdfTeX, Version 3.14159265-2.6-1.40.20 (TeX Live 2019/Debian) (preloaded format=pdflatex 2021.12.29)  15 FEB 2022 21:11
entering extended mode
 restricted \write18 enabled.
 %&-line parsing enabled.
**title.tex
(./title.tex
LaTeX2e <2020-02-02> patch level 2
L3 programming layer <2020-02-14>

! LaTeX Error: Missing \begin{document}.

See the LaTeX manual or LaTeX Companion for explanation.
Type  H <return>  for immediate help.
 ...                                              
                                                  
l.3 	\begin{center}
                   
You're in trouble here.  Try typing  <return>  to proceed.
If that doesn't work, type  X <return>  to quit.


Overfull \hbox (20.0pt too wide) in paragraph at lines 3--3
[] 
 []

! Undefined control sequence.
l.4 		\large
            \textbf{–ú–æ—Å–∫–æ–≤—Å–∫–∏–π –§–∏–∑–∏–∫–æ-–¢–µ—Ö–Ω–∏—á–µ—Å–∫–∏–π...
The control sequence at the end of the top line
of your error message was never \def'ed. If you have
misspelled it (e.g., `\hobx'), type `I' and the correct
spelling (e.g., `I\hbox'). Otherwise just continue,
and I'll forget about whatever was undefined.


! Package inputenc Error: Unicode character –ú (U+041C)
(inputenc)                not set up for use with LaTeX.

See the inputenc package documentation for explanation.
Type  H <return>  for immediate help.
 ...                                              
                                                  
l.4 ...–æ-–¢–µ—Ö–Ω–∏—á–µ—Å–∫–∏–π –ò–Ω—Å—Ç–∏—Ç—É—Ç}
                                                  \\ % Name of your universi...

You may provide a definition with
\DeclareUnicodeCharacter 


! Package inputenc Error: Unicode character –æ (U+043E)
(inputenc)                not set up for use with LaTeX.

See the inputenc package documentation for explanation.
Type  H <return>  for immediate help.
 ...                                              
                                                  
l.4 ...–æ-–¢–µ—Ö–Ω–∏—á–µ—Å–∫–∏–π –ò–Ω—Å—Ç–∏—Ç—É—Ç}
                                                  \\ % Name of your universi...

You may provide a definition with
\DeclareUnicodeCharacter 


! Package inputenc Error: Unicode character —Å (U+0441)
(inputenc)                not set up for use with LaTeX.

See the inputenc package documentation for explanation.
Type  H <return>  for immediate help.
 ...                                              
                                                  
l.4 ...–æ-–¢–µ—Ö–Ω–∏—á–µ—Å–∫–∏–π –ò–Ω—Å—Ç–∏—Ç—É—Ç}
                                                  \\ % Name of your universi...

You may provide a definition with
\DeclareUnicodeCharacter 


! Package inputenc Error: Unicode character –∫ (U+043A)
(inputenc)                not set up for use with LaTeX.

See the inputenc package documentation for explanation.
Type  H <return>  for immediate help.
 ...                                              
                                                  
l.4 ...–æ-–¢–µ—Ö–Ω–∏—á–µ—Å–∫–∏–π –ò–Ω—Å—Ç–∏—Ç—É—Ç}
                                                  \\ % Name of your universi...

You may provide a definition with
\DeclareUnicodeCharacter 


! Package inputenc Error: Unicode character –æ (U+043E)
(inputenc)                not set up for use with LaTeX.

See the inputenc package documentation for explanation.
Type  H <return>  for immediate help.
 ...                                              
                                                  
l.4 ...–æ-–¢–µ—Ö–Ω–∏—á–µ—Å–∫–∏–π –ò–Ω—Å—Ç–∏—Ç—É—Ç}
                                                  \\ % Name of your universi...

You may provide a definition with
\DeclareUnicodeCharacter 


! Package inputenc Error: Unicode character –≤ (U+0432)
(inputenc)                not set up for use with LaTeX.

See the inputenc package documentation for explanation.
Type  H <return>  for immediate help.
 ...                                              
                                                  
l.4 ...–æ-–¢–µ—Ö–Ω–∏—á–µ—Å–∫–∏–π –ò–Ω—Å—Ç–∏—Ç—É—Ç}
                                                  \\ % Name of your universi...

You may provide a definition with
\DeclareUnicodeCharacter 


! Package inputenc Error: Unicode character —Å (U+0441)
(inputenc)                not set up for use with LaTeX.

See the inputenc package documentation for explanation.
Type  H <return>  for immediate help.
 ...                                              
                                                  
l.4 ...–æ-–¢–µ—Ö–Ω–∏—á–µ—Å–∫–∏–π –ò–Ω—Å—Ç–∏—Ç—É—Ç}
                                                  \\ % Name of your universi...

You may provide a definition with
\DeclareUnicodeCharacter 


! Package inputenc Error: Unicode character –∫ (U+043A)
(inputenc)                not set up for use with LaTeX.

See the inputenc package documentation for explanation.
Type  H <return>  for immediate help.
 ...                                              
                                                  
l.4 ...–æ-–¢–µ—Ö–Ω–∏—á–µ—Å–∫–∏–π –ò–Ω—Å—Ç–∏—Ç—É—Ç}
                                                  \\ % Name of your universi...

You may provide a definition with
\DeclareUnicodeCharacter 


! Package inputenc Error: Unicode character –∏ (U+0438)
(inputenc)                not set up for use with LaTeX.

See the inputenc package documentation for explanation.
Type  H <return>  for immediate help.
 ...                                              
                                                  
l.4 ...–æ-–¢–µ—Ö–Ω–∏—á–µ—Å–∫–∏–π –ò–Ω—Å—Ç–∏—Ç—É—Ç}
                                                  \\ % Name of your universi...

You may provide a definition with
\DeclareUnicodeCharacter 


! Package inputenc Error: Unicode character –π (U+0439)
(inputenc)                not set up for use with LaTeX.

See the inputenc package documentation for explanation.
Type  H <return>  for immediate help.
 ...                                              
                                                  
l.4 ...–æ-–¢–µ—Ö–Ω–∏—á–µ—Å–∫–∏–π –ò–Ω—Å—Ç–∏—Ç—É—Ç}
                                                  \\ % Name of your universi...

You may provide a definition with
\DeclareUnicodeCharacter 


! Package inputenc Error: Unicode character –§ (U+0424)
(inputenc)                not set up for use with LaTeX.

See the inputenc package documentation for explanation.
Type  H <return>  for immediate help.
 ...                                              
                                                  
l.4 ...–æ-–¢–µ—Ö–Ω–∏—á–µ—Å–∫–∏–π –ò–Ω—Å—Ç–∏—Ç—É—Ç}
                                                  \\ % Name of your universi...

You may provide a definition with
\DeclareUnicodeCharacter 


! Package inputenc Error: Unicode character –∏ (U+0438)
(inputenc)                not set up for use with LaTeX.

See the inputenc package documentation for explanation.
Type  H <return>  for immediate help.
 ...                                              
                                                  
l.4 ...–æ-–¢–µ—Ö–Ω–∏—á–µ—Å–∫–∏–π –ò–Ω—Å—Ç–∏—Ç—É—Ç}
                                                  \\ % Name of your universi...

You may provide a definition with
\DeclareUnicodeCharacter 


! Package inputenc Error: Unicode character –∑ (U+0437)
(inputenc)                not set up for use with LaTeX.

See the inputenc package documentation for explanation.
Type  H <return>  for immediate help.
 ...                                              
                                                  
l.4 ...–æ-–¢–µ—Ö–Ω–∏—á–µ—Å–∫–∏–π –ò–Ω—Å—Ç–∏—Ç—É—Ç}
                                                  \\ % Name of your universi...

You may provide a definition with
\DeclareUnicodeCharacter 


! Package inputenc Error: Unicode character –∏ (U+0438)
(inputenc)                not set up for use with LaTeX.

See the inputenc package documentation for explanation.
Type  H <return>  for immediate help.
 ...                                              
                                                  
l.4 ...–æ-–¢–µ—Ö–Ω–∏—á–µ—Å–∫–∏–π –ò–Ω—Å—Ç–∏—Ç—É—Ç}
                                                  \\ % Name of your universi...

You may provide a definition with
\DeclareUnicodeCharacter 


! Package inputenc Error: Unicode character –∫ (U+043A)
(inputenc)                not set up for use with LaTeX.

See the inputenc package documentation for explanation.
Type  H <return>  for immediate help.
 ...                                              
                                                  
l.4 ...–æ-–¢–µ—Ö–Ω–∏—á–µ—Å–∫–∏–π –ò–Ω—Å—Ç–∏—Ç—É—Ç}
                                                  \\ % Name of your universi...

You may provide a definition with
\DeclareUnicodeCharacter 


! Package inputenc Error: Unicode character –æ (U+043E)
(inputenc)                not set up for use with LaTeX.

See the inputenc package documentation for explanation.
Type  H <return>  for immediate help.
 ...                                              
                                                  
l.4 ...–æ-–¢–µ—Ö–Ω–∏—á–µ—Å–∫–∏–π –ò–Ω—Å—Ç–∏—Ç—É—Ç}
                                                  \\ % Name of your universi...

You may provide a definition with
\DeclareUnicodeCharacter 


! Package inputenc Error: Unicode character –¢ (U+0422)
(inputenc)                not set up for use with LaTeX.

See the inputenc package documentation for explanation.
Type  H <return>  for immediate help.
 ...                                              
                                                  
l.4 ...–æ-–¢–µ—Ö–Ω–∏—á–µ—Å–∫–∏–π –ò–Ω—Å—Ç–∏—Ç—É—Ç}
                                                  \\ % Name of your universi...

You may provide a definition with
\DeclareUnicodeCharacter 


! Package inputenc Error: Unicode character –µ (U+0435)
(inputenc)                not set up for use with LaTeX.

See the inputenc package documentation for explanation.
Type  H <return>  for immediate help.
 ...                                              
                                                  
l.4 ...–æ-–¢–µ—Ö–Ω–∏—á–µ—Å–∫–∏–π –ò–Ω—Å—Ç–∏—Ç—É—Ç}
                                                  \\ % Name of your universi...

You may provide a definition with
\DeclareUnicodeCharacter 


! Package inputenc Error: Unicode character —Ö (U+0445)
(inputenc)                not set up for use with LaTeX.

See the inputenc package documentation for explanation.
Type  H <return>  for immediate help.
 ...                                              
                                                  
l.4 ...–æ-–¢–µ—Ö–Ω–∏—á–µ—Å–∫–∏–π –ò–Ω—Å—Ç–∏—Ç—É—Ç}
                                                  \\ % Name of your universi...

You may provide a definition with
\DeclareUnicodeCharacter 


! Package inputenc Error: Unicode character –Ω (U+043D)
(inputenc)                not set up for use with LaTeX.

See the inputenc package documentation for explanation.
Type  H <return>  for immediate help.
 ...                                              
                                                  
l.4 ...–æ-–¢–µ—Ö–Ω–∏—á–µ—Å–∫–∏–π –ò–Ω—Å—Ç–∏—Ç—É—Ç}
                                                  \\ % Name of your universi...

You may provide a definition with
\DeclareUnicodeCharacter 


! Package inputenc Error: Unicode character –∏ (U+0438)
(inputenc)                not set up for use with LaTeX.

See the inputenc package documentation for explanation.
Type  H <return>  for immediate help.
 ...                                              
                                                  
l.4 ...–æ-–¢–µ—Ö–Ω–∏—á–µ—Å–∫–∏–π –ò–Ω—Å—Ç–∏—Ç—É—Ç}
                                                  \\ % Name of your universi...

You may provide a definition with
\DeclareUnicodeCharacter 


! Package inputenc Error: Unicode character —á (U+0447)
(inputenc)                not set up for use with LaTeX.

See the inputenc package documentation for explanation.
Type  H <return>  for immediate help.
 ...                                              
                                                  
l.4 ...–æ-–¢–µ—Ö–Ω–∏—á–µ—Å–∫–∏–π –ò–Ω—Å—Ç–∏—Ç—É—Ç}
                                                  \\ % Name of your universi...

You may provide a definition with
\DeclareUnicodeCharacter 


! Package inputenc Error: Unicode character –µ (U+0435)
(inputenc)                not set up for use with LaTeX.

See the inputenc package documentation for explanation.
Type  H <return>  for immediate help.
 ...                                              
                                                  
l.4 ...–æ-–¢–µ—Ö–Ω–∏—á–µ—Å–∫–∏–π –ò–Ω—Å—Ç–∏—Ç—É—Ç}
                                                  \\ % Name of your universi...

You may provide a definition with
\DeclareUnicodeCharacter 


! Package inputenc Error: Unicode character —Å (U+0441)
(inputenc)                not set up for use with LaTeX.

See the inputenc package documentation for explanation.
Type  H <return>  for immediate help.
 ...                                              
                                                  
l.4 ...–æ-–¢–µ—Ö–Ω–∏—á–µ—Å–∫–∏–π –ò–Ω—Å—Ç–∏—Ç—É—Ç}
                                                  \\ % Name of your universi...

You may provide a definition with
\DeclareUnicodeCharacter 


! Package inputenc Error: Unicode character –∫ (U+043A)
(inputenc)                not set up for use with LaTeX.

See the inputenc package documentation for explanation.
Type  H <return>  for immediate help.
 ...                                              
                                                  
l.4 ...–æ-–¢–µ—Ö–Ω–∏—á–µ—Å–∫–∏–π –ò–Ω—Å—Ç–∏—Ç—É—Ç}
                                                  \\ % Name of your universi...

You may provide a definition with
\DeclareUnicodeCharacter 


! Package inputenc Error: Unicode character –∏ (U+0438)
(inputenc)                not set up for use with LaTeX.

See the inputenc package documentation for explanation.
Type  H <return>  for immediate help.
 ...                                              
                                                  
l.4 ...–æ-–¢–µ—Ö–Ω–∏—á–µ—Å–∫–∏–π –ò–Ω—Å—Ç–∏—Ç—É—Ç}
                                                  \\ % Name of your universi...

You may provide a definition with
\DeclareUnicodeCharacter 


! Package inputenc Error: Unicode character –π (U+0439)
(inputenc)                not set up for use with LaTeX.

See the inputenc package documentation for explanation.
Type  H <return>  for immediate help.
 ...                                              
                                                  
l.4 ...–æ-–¢–µ—Ö–Ω–∏—á–µ—Å–∫–∏–π –ò–Ω—Å—Ç–∏—Ç—É—Ç}
                                                  \\ % Name of your universi...

You may provide a definition with
\DeclareUnicodeCharacter 


! Package inputenc Error: Unicode character –ò (U+0418)
(inputenc)                not set up for use with LaTeX.

See the inputenc package documentation for explanation.
Type  H <return>  for immediate help.
 ...                                              
                                                  
l.4 ...–æ-–¢–µ—Ö–Ω–∏—á–µ—Å–∫–∏–π –ò–Ω—Å—Ç–∏—Ç—É—Ç}
                                                  \\ % Name of your universi...

You may provide a definition with
\DeclareUnicodeCharacter 


! Package inputenc Error: Unicode character –Ω (U+043D)
(inputenc)                not set up for use with LaTeX.

See the inputenc package documentation for explanation.
Type  H <return>  for immediate help.
 ...                                              
                                                  
l.4 ...–æ-–¢–µ—Ö–Ω–∏—á–µ—Å–∫–∏–π –ò–Ω—Å—Ç–∏—Ç—É—Ç}
                                                  \\ % Name of your universi...

You may provide a definition with
\DeclareUnicodeCharacter 


! Package inputenc Error: Unicode character —Å (U+0441)
(inputenc)                not set up for use with LaTeX.

See the inputenc package documentation for explanation.
Type  H <return>  for immediate help.
 ...                                              
                                                  
l.4 ...–æ-–¢–µ—Ö–Ω–∏—á–µ—Å–∫–∏–π –ò–Ω—Å—Ç–∏—Ç—É—Ç}
                                                  \\ % Name of your universi...

You may provide a definition with
\DeclareUnicodeCharacter 


! Package inputenc Error: Unicode character —Ç (U+0442)
(inputenc)                not set up for use with LaTeX.

See the inputenc package documentation for explanation.
Type  H <return>  for immediate help.
 ...                                              
                                                  
l.4 ...–æ-–¢–µ—Ö–Ω–∏—á–µ—Å–∫–∏–π –ò–Ω—Å—Ç–∏—Ç—É—Ç}
                                                  \\ % Name of your universi...

You may provide a definition with
\DeclareUnicodeCharacter 


! Package inputenc Error: Unicode character –∏ (U+0438)
(inputenc)                not set up for use with LaTeX.

See the inputenc package documentation for explanation.
Type  H <return>  for immediate help.
 ...                                              
                                                  
l.4 ...–æ-–¢–µ—Ö–Ω–∏—á–µ—Å–∫–∏–π –ò–Ω—Å—Ç–∏—Ç—É—Ç}
                                                  \\ % Name of your universi...

You may provide a definition with
\DeclareUnicodeCharacter 


! Package inputenc Error: Unicode character —Ç (U+0442)
(inputenc)                not set up for use with LaTeX.

See the inputenc package documentation for explanation.
Type  H <return>  for immediate help.
 ...                                              
                                                  
l.4 ...–æ-–¢–µ—Ö–Ω–∏—á–µ—Å–∫–∏–π –ò–Ω—Å—Ç–∏—Ç—É—Ç}
                                                  \\ % Name of your universi...

You may provide a definition with
\DeclareUnicodeCharacter 


! Package inputenc Error: Unicode character —É (U+0443)
(inputenc)                not set up for use with LaTeX.

See the inputenc package documentation for explanation.
Type  H <return>  for immediate help.
 ...                                              
                                                  
l.4 ...–æ-–¢–µ—Ö–Ω–∏—á–µ—Å–∫–∏–π –ò–Ω—Å—Ç–∏—Ç—É—Ç}
                                                  \\ % Name of your universi...

You may provide a definition with
\DeclareUnicodeCharacter 


! Package inputenc Error: Unicode character —Ç (U+0442)
(inputenc)                not set up for use with LaTeX.

See the inputenc package documentation for explanation.
Type  H <return>  for immediate help.
 ...                                              
                                                  
l.4 ...–æ-–¢–µ—Ö–Ω–∏—á–µ—Å–∫–∏–π –ò–Ω—Å—Ç–∏—Ç—É—Ç}
                                                  \\ % Name of your universi...

You may provide a definition with
\DeclareUnicodeCharacter 


Overfull \hbox (3.83331pt too wide) in paragraph at lines 4--4
 \OT1/cmr/bx/n/10 - 
 []

! Undefined control sequence.
<recently read> \large 
                       
l.5 		\large
            \textbf{(–≥–æ—Å—É–¥–∞—Ä—Å—Ç–≤–µ–Ω–Ω—ã–π —É–Ω–∏–≤–µ—Ä—Å–∏—Ç–µ—Ç)}
The control sequence at the end of the top line
of your error message was never \def'ed. If you have
misspelled it (e.g., `\hobx'), type `I' and the correct
spelling (e.g., `I\hbox'). Otherwise just continue,
and I'll forget about whatever was undefined.


! Package inputenc Error: Unicode character –≥ (U+0433)
(inputenc)                not set up for use with LaTeX.

See the inputenc package documentation for explanation.
Type  H <return>  for immediate help.
 ...                                              
                                                  
l.5 ...—Ä—Å—Ç–≤–µ–Ω–Ω—ã–π —É–Ω–∏–≤–µ—Ä—Å–∏—Ç–µ—Ç)}
                                                  
You may provide a definition with
\DeclareUnicodeCharacter 


! Package inputenc Error: Unicode character –æ (U+043E)
(inputenc)                not set up for use with LaTeX.

See the inputenc package documentation for explanation.
Type  H <return>  for immediate help.
 ...                                              
                                                  
l.5 ...—Ä—Å—Ç–≤–µ–Ω–Ω—ã–π —É–Ω–∏–≤–µ—Ä—Å–∏—Ç–µ—Ç)}
                                                  
You may provide a definition with
\DeclareUnicodeCharacter 


! Package inputenc Error: Unicode character —Å (U+0441)
(inputenc)                not set up for use with LaTeX.

See the inputenc package documentation for explanation.
Type  H <return>  for immediate help.
 ...                                              
                                                  
l.5 ...—Ä—Å—Ç–≤–µ–Ω–Ω—ã–π —É–Ω–∏–≤–µ—Ä—Å–∏—Ç–µ—Ç)}
                                                  
You may provide a definition with
\DeclareUnicodeCharacter 


! Package inputenc Error: Unicode character —É (U+0443)
(inputenc)                not set up for use with LaTeX.

See the inputenc package documentation for explanation.
Type  H <return>  for immediate help.
 ...                                              
                                                  
l.5 ...—Ä—Å—Ç–≤–µ–Ω–Ω—ã–π —É–Ω–∏–≤–µ—Ä—Å–∏—Ç–µ—Ç)}
                                                  
You may provide a definition with
\DeclareUnicodeCharacter 


! Package inputenc Error: Unicode character –¥ (U+0434)
(inputenc)                not set up for use with LaTeX.

See the inputenc package documentation for explanation.
Type  H <return>  for immediate help.
 ...                                              
                                                  
l.5 ...—Ä—Å—Ç–≤–µ–Ω–Ω—ã–π —É–Ω–∏–≤–µ—Ä—Å–∏—Ç–µ—Ç)}
                                                  
You may provide a definition with
\DeclareUnicodeCharacter 


! Package inputenc Error: Unicode character –∞ (U+0430)
(inputenc)                not set up for use with LaTeX.

See the inputenc package documentation for explanation.
Type  H <return>  for immediate help.
 ...                                              
                                                  
l.5 ...—Ä—Å—Ç–≤–µ–Ω–Ω—ã–π —É–Ω–∏–≤–µ—Ä—Å–∏—Ç–µ—Ç)}
                                                  
You may provide a definition with
\DeclareUnicodeCharacter 


! Package inputenc Error: Unicode character —Ä (U+0440)
(inputenc)                not set up for use with LaTeX.

See the inputenc package documentation for explanation.
Type  H <return>  for immediate help.
 ...                                              
                                                  
l.5 ...—Ä—Å—Ç–≤–µ–Ω–Ω—ã–π —É–Ω–∏–≤–µ—Ä—Å–∏—Ç–µ—Ç)}
                                                  
You may provide a definition with
\DeclareUnicodeCharacter 


! Package inputenc Error: Unicode character —Å (U+0441)
(inputenc)                not set up for use with LaTeX.

See the inputenc package documentation for explanation.
Type  H <return>  for immediate help.
 ...                                              
                                                  
l.5 ...—Ä—Å—Ç–≤–µ–Ω–Ω—ã–π —É–Ω–∏–≤–µ—Ä—Å–∏—Ç–µ—Ç)}
                                                  
You may provide a definition with
\DeclareUnicodeCharacter 


! Package inputenc Error: Unicode character —Ç (U+0442)
(inputenc)                not set up for use with LaTeX.

See the inputenc package documentation for explanation.
Type  H <return>  for immediate help.
 ...                                              
                                                  
l.5 ...—Ä—Å—Ç–≤–µ–Ω–Ω—ã–π —É–Ω–∏–≤–µ—Ä—Å–∏—Ç–µ—Ç)}
                                                  
You may provide a definition with
\DeclareUnicodeCharacter 


! Package inputenc Error: Unicode character –≤ (U+0432)
(inputenc)                not set up for use with LaTeX.

See the inputenc package documentation for explanation.
Type  H <return>  for immediate help.
 ...                                              
                                                  
l.5 ...—Ä—Å—Ç–≤–µ–Ω–Ω—ã–π —É–Ω–∏–≤–µ—Ä—Å–∏—Ç–µ—Ç)}
                                                  
You may provide a definition with
\DeclareUnicodeCharacter 


! Package inputenc Error: Unicode character –µ (U+0435)
(inputenc)                not set up for use with LaTeX.

See the inputenc package documentation for explanation.
Type  H <return>  for immediate help.
 ...                                              
                                                  
l.5 ...—Ä—Å—Ç–≤–µ–Ω–Ω—ã–π —É–Ω–∏–≤–µ—Ä—Å–∏—Ç–µ—Ç)}
                                                  
You may provide a definition with
\DeclareUnicodeCharacter 


! Package inputenc Error: Unicode character –Ω (U+043D)
(inputenc)                not set up for use with LaTeX.

See the inputenc package documentation for explanation.
Type  H <return>  for immediate help.
 ...                                              
                                                  
l.5 ...—Ä—Å—Ç–≤–µ–Ω–Ω—ã–π —É–Ω–∏–≤–µ—Ä—Å–∏—Ç–µ—Ç)}
                                                  
You may provide a definition with
\DeclareUnicodeCharacter 


! Package inputenc Error: Unicode character –Ω (U+043D)
(inputenc)                not set up for use with LaTeX.

See the inputenc package documentation for explanation.
Type  H <return>  for immediate help.
 ...                                              
                                                  
l.5 ...—Ä—Å—Ç–≤–µ–Ω–Ω—ã–π —É–Ω–∏–≤–µ—Ä—Å–∏—Ç–µ—Ç)}
                                                  
You may provide a definition with
\DeclareUnicodeCharacter 


! Package inputenc Error: Unicode character —ã (U+044B)
(inputenc)                not set up for use with LaTeX.

See the inputenc package documentation for explanation.
Type  H <return>  for immediate help.
 ...                                              
                                                  
l.5 ...—Ä—Å—Ç–≤–µ–Ω–Ω—ã–π —É–Ω–∏–≤–µ—Ä—Å–∏—Ç–µ—Ç)}
                                                  
You may provide a definition with
\DeclareUnicodeCharacter 


! Package inputenc Error: Unicode character –π (U+0439)
(inputenc)                not set up for use with LaTeX.

See the inputenc package documentation for explanation.
Type  H <return>  for immediate help.
 ...                                              
                                                  
l.5 ...—Ä—Å—Ç–≤–µ–Ω–Ω—ã–π —É–Ω–∏–≤–µ—Ä—Å–∏—Ç–µ—Ç)}
                                                  
You may provide a definition with
\DeclareUnicodeCharacter 


! Package inputenc Error: Unicode character —É (U+0443)
(inputenc)                not set up for use with LaTeX.

See the inputenc package documentation for explanation.
Type  H <return>  for immediate help.
 ...                                              
                                                  
l.5 ...—Ä—Å—Ç–≤–µ–Ω–Ω—ã–π —É–Ω–∏–≤–µ—Ä—Å–∏—Ç–µ—Ç)}
                                                  
You may provide a definition with
\DeclareUnicodeCharacter 


! Package inputenc Error: Unicode character –Ω (U+043D)
(inputenc)                not set up for use with LaTeX.

See the inputenc package documentation for explanation.
Type  H <return>  for immediate help.
 ...                                              
                                                  
l.5 ...—Ä—Å—Ç–≤–µ–Ω–Ω—ã–π —É–Ω–∏–≤–µ—Ä—Å–∏—Ç–µ—Ç)}
                                                  
You may provide a definition with
\DeclareUnicodeCharacter 


! Package inputenc Error: Unicode character –∏ (U+0438)
(inputenc)                not set up for use with LaTeX.

See the inputenc package documentation for explanation.
Type  H <return>  for immediate help.
 ...                                              
                                                  
l.5 ...—Ä—Å—Ç–≤–µ–Ω–Ω—ã–π —É–Ω–∏–≤–µ—Ä—Å–∏—Ç–µ—Ç)}
                                                  
You may provide a definition with
\DeclareUnicodeCharacter 


! Package inputenc Error: Unicode character –≤ (U+0432)
(inputenc)                not set up for use with LaTeX.

See the inputenc package documentation for explanation.
Type  H <return>  for immediate help.
 ...                                              
                                                  
l.5 ...—Ä—Å—Ç–≤–µ–Ω–Ω—ã–π —É–Ω–∏–≤–µ—Ä—Å–∏—Ç–µ—Ç)}
                                                  
You may provide a definition with
\DeclareUnicodeCharacter 


! Package inputenc Error: Unicode character –µ (U+0435)
(inputenc)                not set up for use with LaTeX.

See the inputenc package documentation for explanation.
Type  H <return>  for immediate help.
 ...                                              
                                                  
l.5 ...—Ä—Å—Ç–≤–µ–Ω–Ω—ã–π —É–Ω–∏–≤–µ—Ä—Å–∏—Ç–µ—Ç)}
                                                  
You may provide a definition with
\DeclareUnicodeCharacter 


! Package inputenc Error: Unicode character —Ä (U+0440)
(inputenc)                not set up for use with LaTeX.

See the inputenc package documentation for explanation.
Type  H <return>  for immediate help.
 ...                                              
                                                  
l.5 ...—Ä—Å—Ç–≤–µ–Ω–Ω—ã–π —É–Ω–∏–≤–µ—Ä—Å–∏—Ç–µ—Ç)}
                                                  
You may provide a definition with
\DeclareUnicodeCharacter 


! Package inputenc Error: Unicode character —Å (U+0441)
(inputenc)                not set up for use with LaTeX.

See the inputenc package documentation for explanation.
Type  H <return>  for immediate help.
 ...                                              
                                                  
l.5 ...—Ä—Å—Ç–≤–µ–Ω–Ω—ã–π —É–Ω–∏–≤–µ—Ä—Å–∏—Ç–µ—Ç)}
                                                  
You may provide a definition with
\DeclareUnicodeCharacter 


! Package inputenc Error: Unicode character –∏ (U+0438)
(inputenc)                not set up for use with LaTeX.

See the inputenc package documentation for explanation.
Type  H <return>  for immediate help.
 ...                                              
                                                  
l.5 ...—Ä—Å—Ç–≤–µ–Ω–Ω—ã–π —É–Ω–∏–≤–µ—Ä—Å–∏—Ç–µ—Ç)}
                                                  
You may provide a definition with
\DeclareUnicodeCharacter 


! Package inputenc Error: Unicode character —Ç (U+0442)
(inputenc)                not set up for use with LaTeX.

See the inputenc package documentation for explanation.
Type  H <return>  for immediate help.
 ...                                              
                                                  
l.5 ...—Ä—Å—Ç–≤–µ–Ω–Ω—ã–π —É–Ω–∏–≤–µ—Ä—Å–∏—Ç–µ—Ç)}
                                                  
You may provide a definition with
\DeclareUnicodeCharacter 


! Package inputenc Error: Unicode character –µ (U+0435)
(inputenc)                not set up for use with LaTeX.

See the inputenc package documentation for explanation.
Type  H <return>  for immediate help.
 ...                                              
                                                  
l.5 ...—Ä—Å—Ç–≤–µ–Ω–Ω—ã–π —É–Ω–∏–≤–µ—Ä—Å–∏—Ç–µ—Ç)}
                                                  
You may provide a definition with
\DeclareUnicodeCharacter 


! Package inputenc Error: Unicode character —Ç (U+0442)
(inputenc)                not set up for use with LaTeX.

See the inputenc package documentation for explanation.
Type  H <return>  for immediate help.
 ...                                              
                                                  
l.5 ...—Ä—Å—Ç–≤–µ–Ω–Ω—ã–π —É–Ω–∏–≤–µ—Ä—Å–∏—Ç–µ—Ç)}
                                                  
You may provide a definition with
\DeclareUnicodeCharacter 


Overfull \hbox (4.4722pt too wide) in paragraph at lines 5--6
 []\OT1/cmr/bx/n/10 ( 
 []


Overfull \hbox (4.4722pt too wide) in paragraph at lines 5--6
 \OT1/cmr/bx/n/10 ) 
 []

! Undefined control sequence.
l.9 		\Large
             –õ–∞–±–æ—Ä–∞—Ç–æ—Ä–Ω–∞—è —Ä–∞–±–æ—Ç–∞ –ø–æ –∫—É—Ä—Å—É –æ–±—â–µ–...
The control sequence at the end of the top line
of your error message was never \def'ed. If you have
misspelled it (e.g., `\hobx'), type `I' and the correct
spelling (e.g., `I\hbox'). Otherwise just continue,
and I'll forget about whatever was undefined.


! Package inputenc Error: Unicode character –õ (U+041B)
(inputenc)                not set up for use with LaTeX.

See the inputenc package documentation for explanation.
Type  H <return>  for immediate help.
 ...                                              
                                                  
l.9 		\Large –õ
               –∞–±–æ—Ä–∞—Ç–æ—Ä–Ω–∞—è —Ä–∞–±–æ—Ç–∞ –ø–æ –∫—É—Ä—Å—É –æ–±—â–µ–...

You may provide a definition with
\DeclareUnicodeCharacter 


! Package inputenc Error: Unicode character –∞ (U+0430)
(inputenc)                not set up for use with LaTeX.

See the inputenc package documentation for explanation.
Type  H <return>  for immediate help.
 ...                                              
                                                  
l.9 		\Large –õ–∞
                 –±–æ—Ä–∞—Ç–æ—Ä–Ω–∞—è —Ä–∞–±–æ—Ç–∞ –ø–æ –∫—É—Ä—Å—É –æ–±—â–µ–...

You may provide a definition with
\DeclareUnicodeCharacter 


! Package inputenc Error: Unicode character –± (U+0431)
(inputenc)                not set up for use with LaTeX.

See the inputenc package documentation for explanation.
Type  H <return>  for immediate help.
 ...                                              
                                                  
l.9 		\Large –õ–∞–±
                   –æ—Ä–∞—Ç–æ—Ä–Ω–∞—è —Ä–∞–±–æ—Ç–∞ –ø–æ –∫—É—Ä—Å—É –æ–±—â–µ–...

You may provide a definition with
\DeclareUnicodeCharacter 


! Package inputenc Error: Unicode character –æ (U+043E)
(inputenc)                not set up for use with LaTeX.

See the inputenc package documentation for explanation.
Type  H <return>  for immediate help.
 ...                                              
                                                  
l.9 		\Large –õ–∞–±–æ
                     —Ä–∞—Ç–æ—Ä–Ω–∞—è —Ä–∞–±–æ—Ç–∞ –ø–æ –∫—É—Ä—Å—É –æ–±—â–µ–...

You may provide a definition with
\DeclareUnicodeCharacter 


! Package inputenc Error: Unicode character —Ä (U+0440)
(inputenc)                not set up for use with LaTeX.

See the inputenc package documentation for explanation.
Type  H <return>  for immediate help.
 ...                                              
                                                  
l.9 		\Large –õ–∞–±–æ—Ä
                       –∞—Ç–æ—Ä–Ω–∞—è —Ä–∞–±–æ—Ç–∞ –ø–æ –∫—É—Ä—Å—É –æ–±—â–µ–...

You may provide a definition with
\DeclareUnicodeCharacter 


! Package inputenc Error: Unicode character –∞ (U+0430)
(inputenc)                not set up for use with LaTeX.

See the inputenc package documentation for explanation.
Type  H <return>  for immediate help.
 ...                                              
                                                  
l.9 		\Large –õ–∞–±–æ—Ä–∞
                         —Ç–æ—Ä–Ω–∞—è —Ä–∞–±–æ—Ç–∞ –ø–æ –∫—É—Ä—Å—É –æ–±—â–µ–...

You may provide a definition with
\DeclareUnicodeCharacter 


! Package inputenc Error: Unicode character —Ç (U+0442)
(inputenc)                not set up for use with LaTeX.

See the inputenc package documentation for explanation.
Type  H <return>  for immediate help.
 ...                                              
                                                  
l.9 		\Large –õ–∞–±–æ—Ä–∞—Ç
                           –æ—Ä–Ω–∞—è —Ä–∞–±–æ—Ç–∞ –ø–æ –∫—É—Ä—Å—É –æ–±—â–µ–...

You may provide a definition with
\DeclareUnicodeCharacter 


! Package inputenc Error: Unicode character –æ (U+043E)
(inputenc)                not set up for use with LaTeX.

See the inputenc package documentation for explanation.
Type  H <return>  for immediate help.
 ...                                              
                                                  
l.9 		\Large –õ–∞–±–æ—Ä–∞—Ç–æ
                             —Ä–Ω–∞—è —Ä–∞–±–æ—Ç–∞ –ø–æ –∫—É—Ä—Å—É –æ–±—â–µ–...

You may provide a definition with
\DeclareUnicodeCharacter 


! Package inputenc Error: Unicode character —Ä (U+0440)
(inputenc)                not set up for use with LaTeX.

See the inputenc package documentation for explanation.
Type  H <return>  for immediate help.
 ...                                              
                                                  
l.9 		\Large –õ–∞–±–æ—Ä–∞—Ç–æ—Ä
                               –Ω–∞—è —Ä–∞–±–æ—Ç–∞ –ø–æ –∫—É—Ä—Å—É –æ–±—â–µ–...

You may provide a definition with
\DeclareUnicodeCharacter 


! Package inputenc Error: Unicode character –Ω (U+043D)
(inputenc)                not set up for use with LaTeX.

See the inputenc package documentation for explanation.
Type  H <return>  for immediate help.
 ...                                              
                                                  
l.9 		\Large –õ–∞–±–æ—Ä–∞—Ç–æ—Ä–Ω
                                 –∞—è —Ä–∞–±–æ—Ç–∞ –ø–æ –∫—É—Ä—Å—É –æ–±—â–µ–...

You may provide a definition with
\DeclareUnicodeCharacter 


! Package inputenc Error: Unicode character –∞ (U+0430)
(inputenc)                not set up for use with LaTeX.

See the inputenc package documentation for explanation.
Type  H <return>  for immediate help.
 ...                                              
                                                  
l.9 		\Large –õ–∞–±–æ—Ä–∞—Ç–æ—Ä–Ω–∞
                                   —è —Ä–∞–±–æ—Ç–∞ –ø–æ –∫—É—Ä—Å—É –æ–±—â–µ–...

You may provide a definition with
\DeclareUnicodeCharacter 


! Package inputenc Error: Unicode character —è (U+044F)
(inputenc)                not set up for use with LaTeX.

See the inputenc package documentation for explanation.
Type  H <return>  for immediate help.
 ...                                              
                                                  
l.9 		\Large –õ–∞–±–æ—Ä–∞—Ç–æ—Ä–Ω–∞—è
                                      —Ä–∞–±–æ—Ç–∞ –ø–æ –∫—É—Ä—Å—É –æ–±—â–µ–...

You may provide a definition with
\DeclareUnicodeCharacter 


! Package inputenc Error: Unicode character —Ä (U+0440)
(inputenc)                not set up for use with LaTeX.

See the inputenc package documentation for explanation.
Type  H <return>  for immediate help.
 ...                                              
                                                  
l.9 		\Large –õ–∞–±–æ—Ä–∞—Ç–æ—Ä–Ω–∞—è —Ä
                                        –∞–±–æ—Ç–∞ –ø–æ –∫—É—Ä—Å—É –æ–±—â–µ–...

You may provide a definition with
\DeclareUnicodeCharacter 


! Package inputenc Error: Unicode character –∞ (U+0430)
(inputenc)                not set up for use with LaTeX.

See the inputenc package documentation for explanation.
Type  H <return>  for immediate help.
 ...                                              
                                                  
l.9 		\Large –õ–∞–±–æ—Ä–∞—Ç–æ—Ä–Ω–∞—è —Ä–∞
                                          –±–æ—Ç–∞ –ø–æ –∫—É—Ä—Å—É –æ–±—â–µ–...

You may provide a definition with
\DeclareUnicodeCharacter 


! Package inputenc Error: Unicode character –± (U+0431)
(inputenc)                not set up for use with LaTeX.

See the inputenc package documentation for explanation.
Type  H <return>  for immediate help.
 ...                                              
                                                  
l.9 		\Large –õ–∞–±–æ—Ä–∞—Ç–æ—Ä–Ω–∞—è —Ä–∞–±
                                            –æ—Ç–∞ –ø–æ –∫—É—Ä—Å—É –æ–±—â–µ–...

You may provide a definition with
\DeclareUnicodeCharacter 


! Package inputenc Error: Unicode character –æ (U+043E)
(inputenc)                not set up for use with LaTeX.

See the inputenc package documentation for explanation.
Type  H <return>  for immediate help.
 ...                                              
                                                  
l.9 		\Large –õ–∞–±–æ—Ä–∞—Ç–æ—Ä–Ω–∞—è —Ä–∞–±–æ
                                              —Ç–∞ –ø–æ –∫—É—Ä—Å—É –æ–±—â–µ–...

You may provide a definition with
\DeclareUnicodeCharacter 


! Package inputenc Error: Unicode character —Ç (U+0442)
(inputenc)                not set up for use with LaTeX.

See the inputenc package documentation for explanation.
Type  H <return>  for immediate help.
 ...                                              
                                                  
l.9 		\Large –õ–∞–±–æ—Ä–∞—Ç–æ—Ä–Ω–∞—è —Ä–∞–±–æ—Ç
                                                –∞ –ø–æ –∫—É—Ä—Å—É –æ–±—â–µ–...

You may provide a definition with
\DeclareUnicodeCharacter 


! Package inputenc Error: Unicode character –∞ (U+0430)
(inputenc)                not set up for use with LaTeX.

See the inputenc package documentation for explanation.
Type  H <return>  for immediate help.
 ...                                              
                                                  
l.9 		\Large –õ–∞–±–æ—Ä–∞—Ç–æ—Ä–Ω–∞—è —Ä–∞–±–æ—Ç–∞
                                                   –ø–æ –∫—É—Ä—Å—É –æ–±—â–µ–...

You may provide a definition with
\DeclareUnicodeCharacter 


! Package inputenc Error: Unicode character –ø (U+043F)
(inputenc)                not set up for use with LaTeX.

See the inputenc package documentation for explanation.
Type  H <return>  for immediate help.
 ...                                              
                                                  
l.9 ...ge –õ–∞–±–æ—Ä–∞—Ç–æ—Ä–Ω–∞—è —Ä–∞–±–æ—Ç–∞ –ø
                                                  –æ –∫—É—Ä—Å—É –æ–±—â–µ–π —...

You may provide a definition with
\DeclareUnicodeCharacter 


! Package inputenc Error: Unicode character –æ (U+043E)
(inputenc)                not set up for use with LaTeX.

See the inputenc package documentation for explanation.
Type  H <return>  for immediate help.
 ...                                              
                                                  
l.9 ... –õ–∞–±–æ—Ä–∞—Ç–æ—Ä–Ω–∞—è —Ä–∞–±–æ—Ç–∞ –ø–æ
                                                   –∫—É—Ä—Å—É –æ–±—â–µ–π —Ñ–...

You may provide a definition with
\DeclareUnicodeCharacter 


! Package inputenc Error: Unicode character –∫ (U+043A)
(inputenc)                not set up for use with LaTeX.

See the inputenc package documentation for explanation.
Type  H <return>  for immediate help.
 ...                                              
                                                  
l.9 ...–∞–±–æ—Ä–∞—Ç–æ—Ä–Ω–∞—è —Ä–∞–±–æ—Ç–∞ –ø–æ –∫
                                                  —É—Ä—Å—É –æ–±—â–µ–π —Ñ–∏–∑...

You may provide a definition with
\DeclareUnicodeCharacter 


! Package inputenc Error: Unicode character —É (U+0443)
(inputenc)                not set up for use with LaTeX.

See the inputenc package documentation for explanation.
Type  H <return>  for immediate help.
 ...                                              
                                                  
l.9 ...–±–æ—Ä–∞—Ç–æ—Ä–Ω–∞—è —Ä–∞–±–æ—Ç–∞ –ø–æ –∫—É
                                                  —Ä—Å—É –æ–±—â–µ–π —Ñ–∏–∑–∏...

You may provide a definition with
\DeclareUnicodeCharacter 


! Package inputenc Error: Unicode character —Ä (U+0440)
(inputenc)                not set up for use with LaTeX.

See the inputenc package documentation for explanation.
Type  H <return>  for immediate help.
 ...                                              
                                                  
l.9 ...–æ—Ä–∞—Ç–æ—Ä–Ω–∞—è —Ä–∞–±–æ—Ç–∞ –ø–æ –∫—É—Ä
                                                  —Å—É –æ–±—â–µ–π —Ñ–∏–∑–∏–∫...

You may provide a definition with
\DeclareUnicodeCharacter 


! Package inputenc Error: Unicode character —Å (U+0441)
(inputenc)                not set up for use with LaTeX.

See the inputenc package documentation for explanation.
Type  H <return>  for immediate help.
 ...                                              
                                                  
l.9 ...—Ä–∞—Ç–æ—Ä–Ω–∞—è —Ä–∞–±–æ—Ç–∞ –ø–æ –∫—É—Ä—Å
                                                  —É –æ–±—â–µ–π —Ñ–∏–∑–∏–∫–∏...

You may provide a definition with
\DeclareUnicodeCharacter 


! Package inputenc Error: Unicode character —É (U+0443)
(inputenc)                not set up for use with LaTeX.

See the inputenc package documentation for explanation.
Type  H <return>  for immediate help.
 ...                                              
                                                  
l.9 ...–∞—Ç–æ—Ä–Ω–∞—è —Ä–∞–±–æ—Ç–∞ –ø–æ –∫—É—Ä—Å—É
                                                   –æ–±—â–µ–π —Ñ–∏–∑–∏–∫–∏ ‚...

You may provide a definition with
\DeclareUnicodeCharacter 


! Package inputenc Error: Unicode character –æ (U+043E)
(inputenc)                not set up for use with LaTeX.

See the inputenc package documentation for explanation.
Type  H <return>  for immediate help.
 ...                                              
                                                  
l.9 ...Ç–æ—Ä–Ω–∞—è —Ä–∞–±–æ—Ç–∞ –ø–æ –∫—É—Ä—Å—É –æ
                                                  –±—â–µ–π —Ñ–∏–∑–∏–∫–∏ ‚Ññ ...

You may provide a definition with
\DeclareUnicodeCharacter 


! Package inputenc Error: Unicode character –± (U+0431)
(inputenc)                not set up for use with LaTeX.

See the inputenc package documentation for explanation.
Type  H <return>  for immediate help.
 ...                                              
                                                  
l.9 ...æ—Ä–Ω–∞—è —Ä–∞–±–æ—Ç–∞ –ø–æ –∫—É—Ä—Å—É –æ–±
                                                  —â–µ–π —Ñ–∏–∑–∏–∫–∏ ‚Ññ 4....

You may provide a definition with
\DeclareUnicodeCharacter 


! Package inputenc Error: Unicode character —â (U+0449)
(inputenc)                not set up for use with LaTeX.

See the inputenc package documentation for explanation.
Type  H <return>  for immediate help.
 ...                                              
                                                  
l.9 ...Ä–Ω–∞—è —Ä–∞–±–æ—Ç–∞ –ø–æ –∫—É—Ä—Å—É –æ–±—â
                                                  –µ–π —Ñ–∏–∑–∏–∫–∏ ‚Ññ 4.5....

You may provide a definition with
\DeclareUnicodeCharacter 


! Package inputenc Error: Unicode character –µ (U+0435)
(inputenc)                not set up for use with LaTeX.

See the inputenc package documentation for explanation.
Type  H <return>  for immediate help.
 ...                                              
                                                  
l.9 ...Ω–∞—è —Ä–∞–±–æ—Ç–∞ –ø–æ –∫—É—Ä—Å—É –æ–±—â–µ
                                                  –π —Ñ–∏–∑–∏–∫–∏ ‚Ññ 4.5.3\...

You may provide a definition with
\DeclareUnicodeCharacter 


! Package inputenc Error: Unicode character –π (U+0439)
(inputenc)                not set up for use with LaTeX.

See the inputenc package documentation for explanation.
Type  H <return>  for immediate help.
 ...                                              
                                                  
l.9 ...∞—è —Ä–∞–±–æ—Ç–∞ –ø–æ –∫—É—Ä—Å—É –æ–±—â–µ–π
                                                   —Ñ–∏–∑–∏–∫–∏ ‚Ññ 4.5.3\\[...

You may provide a definition with
\DeclareUnicodeCharacter 


! Package inputenc Error: Unicode character —Ñ (U+0444)
(inputenc)                not set up for use with LaTeX.

See the inputenc package documentation for explanation.
Type  H <return>  for immediate help.
 ...                                              
                                                  
l.9 ... —Ä–∞–±–æ—Ç–∞ –ø–æ –∫—É—Ä—Å—É –æ–±—â–µ–π —Ñ
                                                  –∏–∑–∏–∫–∏ ‚Ññ 4.5.3\\[0.5...

You may provide a definition with
\DeclareUnicodeCharacter 


! Package inputenc Error: Unicode character –∏ (U+0438)
(inputenc)                not set up for use with LaTeX.

See the inputenc package documentation for explanation.
Type  H <return>  for immediate help.
 ...                                              
                                                  
l.9 ...Ä–∞–±–æ—Ç–∞ –ø–æ –∫—É—Ä—Å—É –æ–±—â–µ–π —Ñ–∏
                                                  –∑–∏–∫–∏ ‚Ññ 4.5.3\\[0.5cm...

You may provide a definition with
\DeclareUnicodeCharacter 


! Package inputenc Error: Unicode character –∑ (U+0437)
(inputenc)                not set up for use with LaTeX.

See the inputenc package documentation for explanation.
Type  H <return>  for immediate help.
 ...                                              
                                                  
l.9 ...∞–±–æ—Ç–∞ –ø–æ –∫—É—Ä—Å—É –æ–±—â–µ–π —Ñ–∏–∑
                                                  –∏–∫–∏ ‚Ññ 4.5.3\\[0.5cm] ...

You may provide a definition with
\DeclareUnicodeCharacter 


! Package inputenc Error: Unicode character –∏ (U+0438)
(inputenc)                not set up for use with LaTeX.

See the inputenc package documentation for explanation.
Type  H <return>  for immediate help.
 ...                                              
                                                  
l.9 ...±–æ—Ç–∞ –ø–æ –∫—É—Ä—Å—É –æ–±—â–µ–π —Ñ–∏–∑–∏
                                                  –∫–∏ ‚Ññ 4.5.3\\[0.5cm] % ...

You may provide a definition with
\DeclareUnicodeCharacter 


! Package inputenc Error: Unicode character –∫ (U+043A)
(inputenc)                not set up for use with LaTeX.

See the inputenc package documentation for explanation.
Type  H <return>  for immediate help.
 ...                                              
                                                  
l.9 ...æ—Ç–∞ –ø–æ –∫—É—Ä—Å—É –æ–±—â–µ–π —Ñ–∏–∑–∏–∫
                                                  –∏ ‚Ññ 4.5.3\\[0.5cm] % Pr...

You may provide a definition with
\DeclareUnicodeCharacter 


! Package inputenc Error: Unicode character –∏ (U+0438)
(inputenc)                not set up for use with LaTeX.

See the inputenc package documentation for explanation.
Type  H <return>  for immediate help.
 ...                                              
                                                  
l.9 ...Ç–∞ –ø–æ –∫—É—Ä—Å—É –æ–±—â–µ–π —Ñ–∏–∑–∏–∫–∏
                                                   ‚Ññ 4.5.3\\[0.5cm] % Prea...

You may provide a definition with
\DeclareUnicodeCharacter 

Missing character: There is no 4 in font nullfont!
Missing character: There is no . in font nullfont!
Missing character: There is no 5 in font nullfont!
Missing character: There is no . in font nullfont!
Missing character: There is no 3 in font nullfont!

Overfull \hbox (9.16443pt too wide) in paragraph at lines 9--9
 []\TS1/cmr/m/n/10 õ 
 []

! Undefined control sequence.
l.14 		{ \huge
               \bfseries –°–∫–∞–Ω–∏—Ä—É—é—â–∏–π –∏–Ω—Ç–µ—Ä—Ñ–µ—Ä–æ–º–µ—Ç—Ä}%...
The control sequence at the end of the top line
of your error message was never \def'ed. If you have
misspelled it (e.g., `\hobx'), type `I' and the correct
spelling (e.g., `I\hbox'). Otherwise just continue,
and I'll forget about whatever was undefined.


! Package inputenc Error: Unicode character –° (U+0421)
(inputenc)                not set up for use with LaTeX.

See the inputenc package documentation for explanation.
Type  H <return>  for immediate help.
 ...                                              
                                                  
l.14 		{ \huge \bfseries –°
                           –∫–∞–Ω–∏—Ä—É—é—â–∏–π –∏–Ω—Ç–µ—Ä—Ñ–µ—Ä–æ–º–µ—Ç—Ä}%...

You may provide a definition with
\DeclareUnicodeCharacter 


! Package inputenc Error: Unicode character –∫ (U+043A)
(inputenc)                not set up for use with LaTeX.

See the inputenc package documentation for explanation.
Type  H <return>  for immediate help.
 ...                                              
                                                  
l.14 		{ \huge \bfseries –°–∫
                             –∞–Ω–∏—Ä—É—é—â–∏–π –∏–Ω—Ç–µ—Ä—Ñ–µ—Ä–æ–º–µ—Ç—Ä}%...

You may provide a definition with
\DeclareUnicodeCharacter 


! Package inputenc Error: Unicode character –∞ (U+0430)
(inputenc)                not set up for use with LaTeX.

See the inputenc package documentation for explanation.
Type  H <return>  for immediate help.
 ...                                              
                                                  
l.14 		{ \huge \bfseries –°–∫–∞
                               –Ω–∏—Ä—É—é—â–∏–π –∏–Ω—Ç–µ—Ä—Ñ–µ—Ä–æ–º–µ—Ç—Ä}%...

You may provide a definition with
\DeclareUnicodeCharacter 


! Package inputenc Error: Unicode character –Ω (U+043D)
(inputenc)                not set up for use with LaTeX.

See the inputenc package documentation for explanation.
Type  H <return>  for immediate help.
 ...                                              
                                                  
l.14 		{ \huge \bfseries –°–∫–∞–Ω
                                 –∏—Ä—É—é—â–∏–π –∏–Ω—Ç–µ—Ä—Ñ–µ—Ä–æ–º–µ—Ç—Ä}%...

You may provide a definition with
\DeclareUnicodeCharacter 


! Package inputenc Error: Unicode character –∏ (U+0438)
(inputenc)                not set up for use with LaTeX.

See the inputenc package documentation for explanation.
Type  H <return>  for immediate help.
 ...                                              
                                                  
l.14 		{ \huge \bfseries –°–∫–∞–Ω–∏
                                   —Ä—É—é—â–∏–π –∏–Ω—Ç–µ—Ä—Ñ–µ—Ä–æ–º–µ—Ç—Ä}%...

You may provide a definition with
\DeclareUnicodeCharacter 


! Package inputenc Error: Unicode character —Ä (U+0440)
(inputenc)                not set up for use with LaTeX.

See the inputenc package documentation for explanation.
Type  H <return>  for immediate help.
 ...                                              
                                                  
l.14 		{ \huge \bfseries –°–∫–∞–Ω–∏—Ä
                                     —É—é—â–∏–π –∏–Ω—Ç–µ—Ä—Ñ–µ—Ä–æ–º–µ—Ç—Ä}%...

You may provide a definition with
\DeclareUnicodeCharacter 


! Package inputenc Error: Unicode character —É (U+0443)
(inputenc)                not set up for use with LaTeX.

See the inputenc package documentation for explanation.
Type  H <return>  for immediate help.
 ...                                              
                                                  
l.14 		{ \huge \bfseries –°–∫–∞–Ω–∏—Ä—É
                                       —é—â–∏–π –∏–Ω—Ç–µ—Ä—Ñ–µ—Ä–æ–º–µ—Ç—Ä}%...

You may provide a definition with
\DeclareUnicodeCharacter 


! Package inputenc Error: Unicode character —é (U+044E)
(inputenc)                not set up for use with LaTeX.

See the inputenc package documentation for explanation.
Type  H <return>  for immediate help.
 ...                                              
                                                  
l.14 		{ \huge \bfseries –°–∫–∞–Ω–∏—Ä—É—é
                                         —â–∏–π –∏–Ω—Ç–µ—Ä—Ñ–µ—Ä–æ–º–µ—Ç—Ä}%...

You may provide a definition with
\DeclareUnicodeCharacter 


! Package inputenc Error: Unicode character —â (U+0449)
(inputenc)                not set up for use with LaTeX.

See the inputenc package documentation for explanation.
Type  H <return>  for immediate help.
 ...                                              
                                                  
l.14 		{ \huge \bfseries –°–∫–∞–Ω–∏—Ä—É—é—â
                                           –∏–π –∏–Ω—Ç–µ—Ä—Ñ–µ—Ä–æ–º–µ—Ç—Ä}%...

You may provide a definition with
\DeclareUnicodeCharacter 


! Package inputenc Error: Unicode character –∏ (U+0438)
(inputenc)                not set up for use with LaTeX.

See the inputenc package documentation for explanation.
Type  H <return>  for immediate help.
 ...                                              
                                                  
l.14 		{ \huge \bfseries –°–∫–∞–Ω–∏—Ä—É—é—â–∏
                                             –π –∏–Ω—Ç–µ—Ä—Ñ–µ—Ä–æ–º–µ—Ç—Ä}%...

You may provide a definition with
\DeclareUnicodeCharacter 


! Package inputenc Error: Unicode character –π (U+0439)
(inputenc)                not set up for use with LaTeX.

See the inputenc package documentation for explanation.
Type  H <return>  for immediate help.
 ...                                              
                                                  
l.14 		{ \huge \bfseries –°–∫–∞–Ω–∏—Ä—É—é—â–∏–π
                                                –∏–Ω—Ç–µ—Ä—Ñ–µ—Ä–æ–º–µ—Ç—Ä}%...

You may provide a definition with
\DeclareUnicodeCharacter 


! Package inputenc Error: Unicode character –∏ (U+0438)
(inputenc)                not set up for use with LaTeX.

See the inputenc package documentation for explanation.
Type  H <return>  for immediate help.
 ...                                              
                                                  
l.14 		{ \huge \bfseries –°–∫–∞–Ω–∏—Ä—É—é—â–∏–π –∏
                                                  –Ω—Ç–µ—Ä—Ñ–µ—Ä–æ–º–µ—Ç—Ä}%...

You may provide a definition with
\DeclareUnicodeCharacter 


! Package inputenc Error: Unicode character –Ω (U+043D)
(inputenc)                not set up for use with LaTeX.

See the inputenc package documentation for explanation.
Type  H <return>  for immediate help.
 ...                                              
                                                  
l.14 ...huge \bfseries –°–∫–∞–Ω–∏—Ä—É—é—â–∏–π –∏–Ω
                                                  —Ç–µ—Ä—Ñ–µ—Ä–æ–º–µ—Ç—Ä}% T...

You may provide a definition with
\DeclareUnicodeCharacter 


! Package inputenc Error: Unicode character —Ç (U+0442)
(inputenc)                not set up for use with LaTeX.

See the inputenc package documentation for explanation.
Type  H <return>  for immediate help.
 ...                                              
                                                  
l.14 ...ge \bfseries –°–∫–∞–Ω–∏—Ä—É—é—â–∏–π –∏–Ω—Ç
                                                  –µ—Ä—Ñ–µ—Ä–æ–º–µ—Ç—Ä}% Tit...

You may provide a definition with
\DeclareUnicodeCharacter 


! Package inputenc Error: Unicode character –µ (U+0435)
(inputenc)                not set up for use with LaTeX.

See the inputenc package documentation for explanation.
Type  H <return>  for immediate help.
 ...                                              
                                                  
l.14 ... \bfseries –°–∫–∞–Ω–∏—Ä—É—é—â–∏–π –∏–Ω—Ç–µ
                                                  —Ä—Ñ–µ—Ä–æ–º–µ—Ç—Ä}% Title...

You may provide a definition with
\DeclareUnicodeCharacter 


! Package inputenc Error: Unicode character —Ä (U+0440)
(inputenc)                not set up for use with LaTeX.

See the inputenc package documentation for explanation.
Type  H <return>  for immediate help.
 ...                                              
                                                  
l.14 ...bfseries –°–∫–∞–Ω–∏—Ä—É—é—â–∏–π –∏–Ω—Ç–µ—Ä
                                                  —Ñ–µ—Ä–æ–º–µ—Ç—Ä}% Title o...

You may provide a definition with
\DeclareUnicodeCharacter 


! Package inputenc Error: Unicode character —Ñ (U+0444)
(inputenc)                not set up for use with LaTeX.

See the inputenc package documentation for explanation.
Type  H <return>  for immediate help.
 ...                                              
                                                  
l.14 ...series –°–∫–∞–Ω–∏—Ä—É—é—â–∏–π –∏–Ω—Ç–µ—Ä—Ñ
                                                  –µ—Ä–æ–º–µ—Ç—Ä}% Title of ...

You may provide a definition with
\DeclareUnicodeCharacter 


! Package inputenc Error: Unicode character –µ (U+0435)
(inputenc)                not set up for use with LaTeX.

See the inputenc package documentation for explanation.
Type  H <return>  for immediate help.
 ...                                              
                                                  
l.14 ...ries –°–∫–∞–Ω–∏—Ä—É—é—â–∏–π –∏–Ω—Ç–µ—Ä—Ñ–µ
                                                  —Ä–æ–º–µ—Ç—Ä}% Title of yo...

You may provide a definition with
\DeclareUnicodeCharacter 


! Package inputenc Error: Unicode character —Ä (U+0440)
(inputenc)                not set up for use with LaTeX.

See the inputenc package documentation for explanation.
Type  H <return>  for immediate help.
 ...                                              
                                                  
l.14 ...es –°–∫–∞–Ω–∏—Ä—É—é—â–∏–π –∏–Ω—Ç–µ—Ä—Ñ–µ—Ä
                                                  –æ–º–µ—Ç—Ä}% Title of your...

You may provide a definition with
\DeclareUnicodeCharacter 


! Package inputenc Error: Unicode character –æ (U+043E)
(inputenc)                not set up for use with LaTeX.

See the inputenc package documentation for explanation.
Type  H <return>  for immediate help.
 ...                                              
                                                  
l.14 ... –°–∫–∞–Ω–∏—Ä—É—é—â–∏–π –∏–Ω—Ç–µ—Ä—Ñ–µ—Ä–æ
                                                  –º–µ—Ç—Ä}% Title of your d...

You may provide a definition with
\DeclareUnicodeCharacter 


! Package inputenc Error: Unicode character –º (U+043C)
(inputenc)                not set up for use with LaTeX.

See the inputenc package documentation for explanation.
Type  H <return>  for immediate help.
 ...                                              
                                                  
l.14 ...°–∫–∞–Ω–∏—Ä—É—é—â–∏–π –∏–Ω—Ç–µ—Ä—Ñ–µ—Ä–æ–º
                                                  –µ—Ç—Ä}% Title of your doc...

You may provide a definition with
\DeclareUnicodeCharacter 


! Package inputenc Error: Unicode character –µ (U+0435)
(inputenc)                not set up for use with LaTeX.

See the inputenc package documentation for explanation.
Type  H <return>  for immediate help.
 ...                                              
                                                  
l.14 ...∫–∞–Ω–∏—Ä—É—é—â–∏–π –∏–Ω—Ç–µ—Ä—Ñ–µ—Ä–æ–º–µ
                                                  —Ç—Ä}% Title of your document

You may provide a definition with
\DeclareUnicodeCharacter 


! Package inputenc Error: Unicode character —Ç (U+0442)
(inputenc)                not set up for use with LaTeX.

See the inputenc package documentation for explanation.
Type  H <return>  for immediate help.
 ...                                              
                                                  
l.14 ...∞–Ω–∏—Ä—É—é—â–∏–π –∏–Ω—Ç–µ—Ä—Ñ–µ—Ä–æ–º–µ—Ç
                                                  —Ä}% Title of your document
You may provide a definition with
\DeclareUnicodeCharacter 


! Package inputenc Error: Unicode character —Ä (U+0440)
(inputenc)                not set up for use with LaTeX.

See the inputenc package documentation for explanation.
Type  H <return>  for immediate help.
 ...                                              
                                                  
l.14 ...Ω–∏—Ä—É—é—â–∏–π –∏–Ω—Ç–µ—Ä—Ñ–µ—Ä–æ–º–µ—Ç—Ä
                                                  }% Title of your document
You may provide a definition with
\DeclareUnicodeCharacter 


! LaTeX Error: There's no line here to end.

See the LaTeX manual or LaTeX Companion for explanation.
Type  H <return>  for immediate help.
 ...                                              
                                                  
l.15 		\\
         [0.4cm]
Your command was ignored.
Type  I <command> <return>  to replace it with another command,
or  <return>  to continue without it.

! Undefined control sequence.
<recently read> \large 
                       
l.20 	\textbf{\large –ê–≤—Ç–æ—Ä:}
                                  \\	
The control sequence at the end of the top line
of your error message was never \def'ed. If you have
misspelled it (e.g., `\hobx'), type `I' and the correct
spelling (e.g., `I\hbox'). Otherwise just continue,
and I'll forget about whatever was undefined.


! Package inputenc Error: Unicode character –ê (U+0410)
(inputenc)                not set up for use with LaTeX.

See the inputenc package documentation for explanation.
Type  H <return>  for immediate help.
 ...                                              
                                                  
l.20 	\textbf{\large –ê–≤—Ç–æ—Ä:}
                                  \\	
You may provide a definition with
\DeclareUnicodeCharacter 


! Package inputenc Error: Unicode character –≤ (U+0432)
(inputenc)                not set up for use with LaTeX.

See the inputenc package documentation for explanation.
Type  H <return>  for immediate help.
 ...                                              
                                                  
l.20 	\textbf{\large –ê–≤—Ç–æ—Ä:}
                                  \\	
You may provide a definition with
\DeclareUnicodeCharacter 


! Package inputenc Error: Unicode character —Ç (U+0442)
(inputenc)                not set up for use with LaTeX.

See the inputenc package documentation for explanation.
Type  H <return>  for immediate help.
 ...                                              
                                                  
l.20 	\textbf{\large –ê–≤—Ç–æ—Ä:}
                                  \\	
You may provide a definition with
\DeclareUnicodeCharacter 


! Package inputenc Error: Unicode character –æ (U+043E)
(inputenc)                not set up for use with LaTeX.

See the inputenc package documentation for explanation.
Type  H <return>  for immediate help.
 ...                                              
                                                  
l.20 	\textbf{\large –ê–≤—Ç–æ—Ä:}
                                  \\	
You may provide a definition with
\DeclareUnicodeCharacter 


! Package inputenc Error: Unicode character —Ä (U+0440)
(inputenc)                not set up for use with LaTeX.

See the inputenc package documentation for explanation.
Type  H <return>  for immediate help.
 ...                                              
                                                  
l.20 	\textbf{\large –ê–≤—Ç–æ—Ä:}
                                  \\	
You may provide a definition with
\DeclareUnicodeCharacter 


Overfull \hbox (3.19443pt too wide) in paragraph at lines 20--20
 []\OT1/cmr/bx/n/10 : 
 []

! Undefined control sequence.
<recently read> \large 
                       
l.21 	\large
             –õ–µ–ø–∞—Ä—Å–∫–∏–π –†–æ–º–∞–Ω –ë01-003\\ % Your name and someth...
The control sequence at the end of the top line
of your error message was never \def'ed. If you have
misspelled it (e.g., `\hobx'), type `I' and the correct
spelling (e.g., `I\hbox'). Otherwise just continue,
and I'll forget about whatever was undefined.


! Package inputenc Error: Unicode character –õ (U+041B)
(inputenc)                not set up for use with LaTeX.

See the inputenc package documentation for explanation.
Type  H <return>  for immediate help.
 ...                                              
                                                  
l.21 	\large –õ
               –µ–ø–∞—Ä—Å–∫–∏–π –†–æ–º–∞–Ω –ë01-003\\ % Your name and someth...

You may provide a definition with
\DeclareUnicodeCharacter 


! Package inputenc Error: Unicode character –µ (U+0435)
(inputenc)                not set up for use with LaTeX.

See the inputenc package documentation for explanation.
Type  H <return>  for immediate help.
 ...                                              
                                                  
l.21 	\large –õ–µ
                 –ø–∞—Ä—Å–∫–∏–π –†–æ–º–∞–Ω –ë01-003\\ % Your name and someth...

You may provide a definition with
\DeclareUnicodeCharacter 


! Package inputenc Error: Unicode character –ø (U+043F)
(inputenc)                not set up for use with LaTeX.

See the inputenc package documentation for explanation.
Type  H <return>  for immediate help.
 ...                                              
                                                  
l.21 	\large –õ–µ–ø
                   –∞—Ä—Å–∫–∏–π –†–æ–º–∞–Ω –ë01-003\\ % Your name and someth...

You may provide a definition with
\DeclareUnicodeCharacter 


! Package inputenc Error: Unicode character –∞ (U+0430)
(inputenc)                not set up for use with LaTeX.

See the inputenc package documentation for explanation.
Type  H <return>  for immediate help.
 ...                                              
                                                  
l.21 	\large –õ–µ–ø–∞
                     —Ä—Å–∫–∏–π –†–æ–º–∞–Ω –ë01-003\\ % Your name and someth...

You may provide a definition with
\DeclareUnicodeCharacter 


! Package inputenc Error: Unicode character —Ä (U+0440)
(inputenc)                not set up for use with LaTeX.

See the inputenc package documentation for explanation.
Type  H <return>  for immediate help.
 ...                                              
                                                  
l.21 	\large –õ–µ–ø–∞—Ä
                       —Å–∫–∏–π –†–æ–º–∞–Ω –ë01-003\\ % Your name and someth...

You may provide a definition with
\DeclareUnicodeCharacter 


! Package inputenc Error: Unicode character —Å (U+0441)
(inputenc)                not set up for use with LaTeX.

See the inputenc package documentation for explanation.
Type  H <return>  for immediate help.
 ...                                              
                                                  
l.21 	\large –õ–µ–ø–∞—Ä—Å
                         –∫–∏–π –†–æ–º–∞–Ω –ë01-003\\ % Your name and someth...

You may provide a definition with
\DeclareUnicodeCharacter 


! Package inputenc Error: Unicode character –∫ (U+043A)
(inputenc)                not set up for use with LaTeX.

See the inputenc package documentation for explanation.
Type  H <return>  for immediate help.
 ...                                              
                                                  
l.21 	\large –õ–µ–ø–∞—Ä—Å–∫
                           –∏–π –†–æ–º–∞–Ω –ë01-003\\ % Your name and someth...

You may provide a definition with
\DeclareUnicodeCharacter 


! Package inputenc Error: Unicode character –∏ (U+0438)
(inputenc)                not set up for use with LaTeX.

See the inputenc package documentation for explanation.
Type  H <return>  for immediate help.
 ...                                              
                                                  
l.21 	\large –õ–µ–ø–∞—Ä—Å–∫–∏
                             –π –†–æ–º–∞–Ω –ë01-003\\ % Your name and someth...

You may provide a definition with
\DeclareUnicodeCharacter 


! Package inputenc Error: Unicode character –π (U+0439)
(inputenc)                not set up for use with LaTeX.

See the inputenc package documentation for explanation.
Type  H <return>  for immediate help.
 ...                                              
                                                  
l.21 	\large –õ–µ–ø–∞—Ä—Å–∫–∏–π
                                –†–æ–º–∞–Ω –ë01-003\\ % Your name and someth...

You may provide a definition with
\DeclareUnicodeCharacter 


! Package inputenc Error: Unicode character –† (U+0420)
(inputenc)                not set up for use with LaTeX.

See the inputenc package documentation for explanation.
Type  H <return>  for immediate help.
 ...                                              
                                                  
l.21 	\large –õ–µ–ø–∞—Ä—Å–∫–∏–π –†
                                  –æ–º–∞–Ω –ë01-003\\ % Your name and someth...

You may provide a definition with
\DeclareUnicodeCharacter 


! Package inputenc Error: Unicode character –æ (U+043E)
(inputenc)                not set up for use with LaTeX.

See the inputenc package documentation for explanation.
Type  H <return>  for immediate help.
 ...                                              
                                                  
l.21 	\large –õ–µ–ø–∞—Ä—Å–∫–∏–π –†–æ
                                    –º–∞–Ω –ë01-003\\ % Your name and someth...

You may provide a definition with
\DeclareUnicodeCharacter 


! Package inputenc Error: Unicode character –º (U+043C)
(inputenc)                not set up for use with LaTeX.

See the inputenc package documentation for explanation.
Type  H <return>  for immediate help.
 ...                                              
                                                  
l.21 	\large –õ–µ–ø–∞—Ä—Å–∫–∏–π –†–æ–º
                                      –∞–Ω –ë01-003\\ % Your name and someth...

You may provide a definition with
\DeclareUnicodeCharacter 


! Package inputenc Error: Unicode character –∞ (U+0430)
(inputenc)                not set up for use with LaTeX.

See the inputenc package documentation for explanation.
Type  H <return>  for immediate help.
 ...                                              
                                                  
l.21 	\large –õ–µ–ø–∞—Ä—Å–∫–∏–π –†–æ–º–∞
                                        –Ω –ë01-003\\ % Your name and someth...

You may provide a definition with
\DeclareUnicodeCharacter 


! Package inputenc Error: Unicode character –Ω (U+043D)
(inputenc)                not set up for use with LaTeX.

See the inputenc package documentation for explanation.
Type  H <return>  for immediate help.
 ...                                              
                                                  
l.21 	\large –õ–µ–ø–∞—Ä—Å–∫–∏–π –†–æ–º–∞–Ω
                                           –ë01-003\\ % Your name and someth...

You may provide a definition with
\DeclareUnicodeCharacter 


! Package inputenc Error: Unicode character –ë (U+0411)
(inputenc)                not set up for use with LaTeX.

See the inputenc package documentation for explanation.
Type  H <return>  for immediate help.
 ...                                              
                                                  
l.21 	\large –õ–µ–ø–∞—Ä—Å–∫–∏–π –†–æ–º–∞–Ω –ë
                                             01-003\\ % Your name and someth...

You may provide a definition with
\DeclareUnicodeCharacter 

Missing character: There is no 0 in font nullfont!
Missing character: There is no 1 in font nullfont!
Missing character: There is no - in font nullfont!
Missing character: There is no 0 in font nullfont!
Missing character: There is no 0 in font nullfont!
Missing character: There is no 3 in font nullfont!
! Undefined control sequence.
l.23 		\hspace*{-0.8 cm}\includegraphics
                                        [width=100 pt]{frkt_logo}\\ % logo o...
The control sequence at the end of the top line
of your error message was never \def'ed. If you have
misspelled it (e.g., `\hobx'), type `I' and the correct
spelling (e.g., `I\hbox'). Otherwise just continue,
and I'll forget about whatever was undefined.

Missing character: There is no [ in font nullfont!
Missing character: There is no w in font nullfont!
Missing character: There is no i in font nullfont!
Missing character: There is no d in font nullfont!
Missing character: There is no t in font nullfont!
Missing character: There is no h in font nullfont!
Missing character: There is no = in font nullfont!
Missing character: There is no 1 in font nullfont!
Missing character: There is no 0 in font nullfont!
Missing character: There is no 0 in font nullfont!
Missing character: There is no p in font nullfont!
Missing character: There is no t in font nullfont!
Missing character: There is no ] in font nullfont!
Missing character: There is no f in font nullfont!
Missing character: There is no r in font nullfont!
Missing character: There is no k in font nullfont!
Missing character: There is no t in font nullfont!
! Missing $ inserted.
<inserted text> 
                $
l.23 ....8 cm}\includegraphics[width=100 pt]{frkt_
                                                  logo}\\ % logo of your  co...
I've inserted a begin-math/end-math symbol since I think
you left one out. Proceed, with fingers crossed.

LaTeX Font Info:    External font `cmex10' loaded for size
(Font)              <7> on input line 23.
LaTeX Font Info:    External font `cmex10' loaded for size
(Font)              <5> on input line 23.
! Extra }, or forgotten $.
l.23 ...}\includegraphics[width=100 pt]{frkt_logo}
                                                  \\ % logo of your  company...
I've deleted a group-closing symbol because it seems to be
spurious, as in `$x}$'. But perhaps the } is legitimate and
you forgot something else, as in `\hbox{$x}'. In such cases
the way to recover is to insert both the forgotten and the
deleted material, e.g., by typing `I$}'.


! LaTeX Error: There's no line here to end.

See the LaTeX manual or LaTeX Companion for explanation.
Type  H <return>  for immediate help.
 ...                                              
                                                  
l.23 ...includegraphics[width=100 pt]{frkt_logo}\\
                                                   % logo of your  company/u...

Your command was ignored.
Type  I <command> <return>  to replace it with another command,
or  <return>  to continue without it.

! Missing $ inserted.
<inserted text> 
                $
l.23 ...includegraphics[width=100 pt]{frkt_logo}\\
                                                   % logo of your  company/u...
I've inserted a begin-math/end-math symbol since I think
you left one out. Proceed, with fingers crossed.

! Missing } inserted.
<inserted text> 
                }
l.23 ...includegraphics[width=100 pt]{frkt_logo}\\
                                                   % logo of your  company/u...
I've inserted something that you may have forgotten.
(See the <inserted text> above.)
With luck, this will get me unwedged. But if you
really didn't forget anything, try typing `2' now; then
my insertion and my current dilemma will both disappear.

! Undefined control sequence.
<recently read> \large 
                       
l.24 		\large
              –î–æ–ª–≥–æ–ø—Ä—É–¥–Ω—ã–π, 2022 % location and year
The control sequence at the end of the top line
of your error message was never \def'ed. If you have
misspelled it (e.g., `\hobx'), type `I' and the correct
spelling (e.g., `I\hbox'). Otherwise just continue,
and I'll forget about whatever was undefined.


! Package inputenc Error: Unicode character –î (U+0414)
(inputenc)                not set up for use with LaTeX.

See the inputenc package documentation for explanation.
Type  H <return>  for immediate help.
 ...                                              
                                                  
l.24 		\large –î
                –æ–ª–≥–æ–ø—Ä—É–¥–Ω—ã–π, 2022 % location and year
You may provide a definition with
\DeclareUnicodeCharacter 


! Package inputenc Error: Unicode character –æ (U+043E)
(inputenc)                not set up for use with LaTeX.

See the inputenc package documentation for explanation.
Type  H <return>  for immediate help.
 ...                                              
                                                  
l.24 		\large –î–æ
                  –ª–≥–æ–ø—Ä—É–¥–Ω—ã–π, 2022 % location and year
You may provide a definition with
\DeclareUnicodeCharacter 


! Package inputenc Error: Unicode character –ª (U+043B)
(inputenc)                not set up for use with LaTeX.

See the inputenc package documentation for explanation.
Type  H <return>  for immediate help.
 ...                                              
                                                  
l.24 		\large –î–æ–ª
                    –≥–æ–ø—Ä—É–¥–Ω—ã–π, 2022 % location and year
You may provide a definition with
\DeclareUnicodeCharacter 


! Package inputenc Error: Unicode character –≥ (U+0433)
(inputenc)                not set up for use with LaTeX.

See the inputenc package documentation for explanation.
Type  H <return>  for immediate help.
 ...                                              
                                                  
l.24 		\large –î–æ–ª–≥
                      –æ–ø—Ä—É–¥–Ω—ã–π, 2022 % location and year
You may provide a definition with
\DeclareUnicodeCharacter 


! Package inputenc Error: Unicode character –æ (U+043E)
(inputenc)                not set up for use with LaTeX.

See the inputenc package documentation for explanation.
Type  H <return>  for immediate help.
 ...                                              
                                                  
l.24 		\large –î–æ–ª–≥–æ
                        –ø—Ä—É–¥–Ω—ã–π, 2022 % location and year
You may provide a definition with
\DeclareUnicodeCharacter 


! Package inputenc Error: Unicode character –ø (U+043F)
(inputenc)                not set up for use with LaTeX.

See the inputenc package documentation for explanation.
Type  H <return>  for immediate help.
 ...                                              
                                                  
l.24 		\large –î–æ–ª–≥–æ–ø
                          —Ä—É–¥–Ω—ã–π, 2022 % location and year
You may provide a definition with
\DeclareUnicodeCharacter 


! Package inputenc Error: Unicode character —Ä (U+0440)
(inputenc)                not set up for use with LaTeX.

See the inputenc package documentation for explanation.
Type  H <return>  for immediate help.
 ...                                              
                                                  
l.24 		\large –î–æ–ª–≥–æ–ø—Ä
                            —É–¥–Ω—ã–π, 2022 % location and year
You may provide a definition with
\DeclareUnicodeCharacter 


! Package inputenc Error: Unicode character —É (U+0443)
(inputenc)                not set up for use with LaTeX.

See the inputenc package documentation for explanation.
Type  H <return>  for immediate help.
 ...                                              
                                                  
l.24 		\large –î–æ–ª–≥–æ–ø—Ä—É
                              –¥–Ω—ã–π, 2022 % location and year
You may provide a definition with
\DeclareUnicodeCharacter 


! Package inputenc Error: Unicode character –¥ (U+0434)
(inputenc)                not set up for use with LaTeX.

See the inputenc package documentation for explanation.
Type  H <return>  for immediate help.
 ...                                              
                                                  
l.24 		\large –î–æ–ª–≥–æ–ø—Ä—É–¥
                                –Ω—ã–π, 2022 % location and year
You may provide a definition with
\DeclareUnicodeCharacter 


! Package inputenc Error: Unicode character –Ω (U+043D)
(inputenc)                not set up for use with LaTeX.

See the inputenc package documentation for explanation.
Type  H <return>  for immediate help.
 ...                                              
                                                  
l.24 		\large –î–æ–ª–≥–æ–ø—Ä—É–¥–Ω
                                  —ã–π, 2022 % location and year
You may provide a definition with
\DeclareUnicodeCharacter 


! Package inputenc Error: Unicode character —ã (U+044B)
(inputenc)                not set up for use with LaTeX.

See the inputenc package documentation for explanation.
Type  H <return>  for immediate help.
 ...                                              
                                                  
l.24 		\large –î–æ–ª–≥–æ–ø—Ä—É–¥–Ω—ã
                                    –π, 2022 % location and year
You may provide a definition with
\DeclareUnicodeCharacter 


! Package inputenc Error: Unicode character –π (U+0439)
(inputenc)                not set up for use with LaTeX.

See the inputenc package documentation for explanation.
Type  H <return>  for immediate help.
 ...                                              
                                                  
l.24 		\large –î–æ–ª–≥–æ–ø—Ä—É–¥–Ω—ã–π
                                      , 2022 % location and year
You may provide a definition with
\DeclareUnicodeCharacter 

Missing character: There is no , in font nullfont!
Missing character: There is no 2 in font nullfont!
Missing character: There is no 0 in font nullfont!
Missing character: There is no 2 in font nullfont!
Missing character: There is no 2 in font nullfont!

! LaTeX Error: The font size command \normalsize is not defined:
               there is probably something wrong with the class file.

See the LaTeX manual or LaTeX Companion for explanation.
Type  H <return>  for immediate help.
 ...                                              
                                                  
l.27 \newpage
             
Your command was ignored.
Type  I <command> <return>  to replace it with another command,
or  <return>  to continue without it.

[1{/var/lib/texmf/fonts/map/pdftex/updmap/pdftex.map}]
! Undefined control sequence.
l.29 \fancyfoot
               [c]{\thepage}
The control sequence at the end of the top line
of your error message was never \def'ed. If you have
misspelled it (e.g., `\hobx'), type `I' and the correct
spelling (e.g., `I\hbox'). Otherwise just continue,
and I'll forget about whatever was undefined.

Missing character: There is no [ in font nullfont!
Missing character: There is no c in font nullfont!
Missing character: There is no ] in font nullfont!
! Undefined control sequence.
l.29 \fancyfoot[c]{\thepage
                           }
The control sequence at the end of the top line
of your error message was never \def'ed. If you have
misspelled it (e.g., `\hobx'), type `I' and the correct
spelling (e.g., `I\hbox'). Otherwise just continue,
and I'll forget about whatever was undefined.

! Undefined control sequence.
l.30 \fancyhead
               [L] {–†–∞–±–æ—Ç–∞ ‚Ññ 4.5.3} % some information in page header
The control sequence at the end of the top line
of your error message was never \def'ed. If you have
misspelled it (e.g., `\hobx'), type `I' and the correct
spelling (e.g., `I\hbox'). Otherwise just continue,
and I'll forget about whatever was undefined.

Missing character: There is no [ in font nullfont!
Missing character: There is no L in font nullfont!
Missing character: There is no ] in font nullfont!

! Package inputenc Error: Unicode character –† (U+0420)
(inputenc)                not set up for use with LaTeX.

See the inputenc package documentation for explanation.
Type  H <return>  for immediate help.
 ...                                              
                                                  
l.30 \fancyhead[L] {–†
                      –∞–±–æ—Ç–∞ ‚Ññ 4.5.3} % some information in page header
You may provide a definition with
\DeclareUnicodeCharacter 


! Package inputenc Error: Unicode character –∞ (U+0430)
(inputenc)                not set up for use with LaTeX.

See the inputenc package documentation for explanation.
Type  H <return>  for immediate help.
 ...                                              
                                                  
l.30 \fancyhead[L] {–†–∞
                        –±–æ—Ç–∞ ‚Ññ 4.5.3} % some information in page header
You may provide a definition with
\DeclareUnicodeCharacter 


! Package inputenc Error: Unicode character –± (U+0431)
(inputenc)                not set up for use with LaTeX.

See the inputenc package documentation for explanation.
Type  H <return>  for immediate help.
 ...                                              
                                                  
l.30 \fancyhead[L] {–†–∞–±
                          –æ—Ç–∞ ‚Ññ 4.5.3} % some information in page header
You may provide a definition with
\DeclareUnicodeCharacter 


! Package inputenc Error: Unicode character –æ (U+043E)
(inputenc)                not set up for use with LaTeX.

See the inputenc package documentation for explanation.
Type  H <return>  for immediate help.
 ...                                              
                                                  
l.30 \fancyhead[L] {–†–∞–±–æ
                            —Ç–∞ ‚Ññ 4.5.3} % some information in page header
You may provide a definition with
\DeclareUnicodeCharacter 


! Package inputenc Error: Unicode character —Ç (U+0442)
(inputenc)                not set up for use with LaTeX.

See the inputenc package documentation for explanation.
Type  H <return>  for immediate help.
 ...                                              
                                                  
l.30 \fancyhead[L] {–†–∞–±–æ—Ç
                              –∞ ‚Ññ 4.5.3} % some information in page header
You may provide a definition with
\DeclareUnicodeCharacter 


! Package inputenc Error: Unicode character –∞ (U+0430)
(inputenc)                not set up for use with LaTeX.

See the inputenc package documentation for explanation.
Type  H <return>  for immediate help.
 ...                                              
                                                  
l.30 \fancyhead[L] {–†–∞–±–æ—Ç–∞
                                 ‚Ññ 4.5.3} % some information in page header
You may provide a definition with
\DeclareUnicodeCharacter 

Missing character: There is no 4 in font nullfont!
Missing character: There is no . in font nullfont!
Missing character: There is no 5 in font nullfont!
Missing character: There is no . in font nullfont!
Missing character: There is no 3 in font nullfont!
! Undefined control sequence.
l.31 \fancyhead
               [R]{}
The control sequence at the end of the top line
of your error message was never \def'ed. If you have
misspelled it (e.g., `\hobx'), type `I' and the correct
spelling (e.g., `I\hbox'). Otherwise just continue,
and I'll forget about whatever was undefined.

Missing character: There is no [ in font nullfont!
Missing character: There is no R in font nullfont!
Missing character: There is no ] in font nullfont!
)
! Emergency stop.
<*> title.tex
             
*** (job aborted, no legal \end found)

 
Here is how much of TeX's memory you used:
 63 strings out of 481239
 671 string characters out of 5920376
 237564 words of memory out of 5000000
 15428 multiletter control sequences out of 15000+600000
 532981 words of font info for 26 fonts, out of 8000000 for 9000
 1141 hyphenation exceptions out of 8191
 18i,4n,15p,167b,135s stack positions out of 5000i,500n,10000p,200000b,80000s
!  ==> Fatal error occurred, no output PDF file produced!
